<?xml version="1.0" encoding="utf-8"?>
<!DOCTYPE Map[]>
<Map srs="+proj=merc +a=6378137 +b=6378137 +lat_ts=0.0 +lon_0=0.0 +x_0=0.0 +y_0=0.0 +k=1.0 +units=m +nadgrids=@null +wktext +no_defs +over" buffer-size="256" font-directory="./fonts" background-color="#e8e0d8" maximum-extent="-20037508.34,-20037508.34,20037508.34,20037508.34">

<Parameters>
  <Parameter name="bounds">-180,-85.0511,180,85.0511</Parameter>
  <Parameter name="center">0,20,4</Parameter>
  <Parameter name="minzoom">0</Parameter>
  <Parameter name="maxzoom">20</Parameter>
  <Parameter name="name"><![CDATA[test-a]]></Parameter>
</Parameters>

<Style name="landuse-wood" filter-mode="first" opacity="0.08">
  <Rule>
    <MaxScaleDenominator>750000</MaxScaleDenominator>
    <MinScaleDenominator>400000</MinScaleDenominator>
    <Filter>([class] = 'wood')</Filter>
    <PolygonSymbolizer fill-opacity="0.8" fill="#33aa66" comp-op="darken" />
  </Rule>
  <Rule>
    <MaxScaleDenominator>1500000</MaxScaleDenominator>
    <MinScaleDenominator>750000</MinScaleDenominator>
    <Filter>([class] = 'wood')</Filter>
    <PolygonSymbolizer fill-opacity="0.6" fill="#33aa66" comp-op="darken" />
  </Rule>
  <Rule>
    <MaxScaleDenominator>3000000</MaxScaleDenominator>
    <MinScaleDenominator>1500000</MinScaleDenominator>
    <Filter>([class] = 'wood')</Filter>
    <PolygonSymbolizer fill-opacity="0.4" fill="#33aa66" comp-op="darken" />
  </Rule>
  <Rule>
    <MaxScaleDenominator>6500000</MaxScaleDenominator>
    <MinScaleDenominator>3000000</MinScaleDenominator>
    <Filter>([class] = 'wood')</Filter>
    <PolygonSymbolizer fill-opacity="0.2" fill="#33aa66" comp-op="darken" />
  </Rule>
  <Rule>
    <MaxScaleDenominator>400000</MaxScaleDenominator>
    <Filter>([class] = 'wood')</Filter>
    <PolygonSymbolizer fill="#33aa66" comp-op="darken" />
  </Rule>
</Style>
<Layer name="landuse"
  buffer-size="4"
  maxzoom="6500000"
  srs="+proj=merc +a=6378137 +b=6378137 +lat_ts=0.0 +lon_0=0.0 +x_0=0.0 +y_0=0.0 +k=1.0 +units=m +nadgrids=@null +wktext +no_defs +over">
    <StyleName>landuse-wood</StyleName>
  </Layer>

</Map>
